<?xml version="1.0" encoding="UTF-8"?>
<!-- Generated by org.testng.reporters.JUnitXMLReporter -->
<testsuite hostname="LAPTOP-J19S32R2" ignored="0" name="Default test" tests="9" failures="0" timestamp="2022-05-08T15:55:27 IST" time="52.255" errors="0">
  <testcase name="successfulLogin" time="14.474" classname="com.sauce.qa.test.ProductRemoveandAddTest"/>
  <testcase name="addSLBInCart" time="2.801" classname="com.sauce.qa.test.ProductRemoveandAddTest"/>
  <testcase name="removeSLB" time="7.606" classname="com.sauce.qa.test.ProductRemoveandAddTest"/>
  <testcase name="addNewItem" time="2.26" classname="com.sauce.qa.test.ProductRemoveandAddTest"/>
  <testcase name="clickOnCartBtn" time="1.305" classname="com.sauce.qa.test.ProductRemoveandAddTest"/>
  <testcase name="clickOnCheckoutBtn" time="3.153" classname="com.sauce.qa.test.ProductRemoveandAddTest"/>
  <testcase name="enterCheckoutInfo" time="9.133" classname="com.sauce.qa.test.ProductRemoveandAddTest"/>
  <testcase name="clickOnFinishBtn" time="7.763" classname="com.sauce.qa.test.ProductRemoveandAddTest"/>
  <testcase name="successfulShopping" time="3.155" classname="com.sauce.qa.test.ProductRemoveandAddTest"/>
</testsuite> <!-- Default test -->
